<?xml version="1.0" encoding="UTF-8"?>
<testng-results ignored="0" total="1" passed="1" failed="0" skipped="0">
  <reporter-output>
  </reporter-output>
  <suite started-at="2023-12-28T12:33:10 IST" name="Suite" finished-at="2023-12-28T12:33:56 IST" duration-ms="46492">
    <groups>
      <group name="desktop">
        <method signature="TC001_Verify_Google_Search_Page.homePage(java.util.Hashtable)[pri:0, instance:com.perfecto.testcases.TC001_Verify_Google_Search_Page@28975c28]" name="homePage" class="com.perfecto.testcases.TC001_Verify_Google_Search_Page"/>
      </group> <!-- desktop -->
      <group name="mobile">
        <method signature="TC001_Verify_Google_Search_Page.homePage(java.util.Hashtable)[pri:0, instance:com.perfecto.testcases.TC001_Verify_Google_Search_Page@28975c28]" name="homePage" class="com.perfecto.testcases.TC001_Verify_Google_Search_Page"/>
      </group> <!-- mobile -->
    </groups>
    <test started-at="2023-12-28T12:33:10 IST" name="Guest User - Plans Availability" finished-at="2023-12-28T12:33:56 IST" duration-ms="46492">
      <class name="com.perfecto.testcases.TC001_Verify_Google_Search_Page">
        <test-method is-config="true" signature="generateBuildNumber()[pri:0, instance:com.perfecto.testcases.TC001_Verify_Google_Search_Page@28975c28]" started-at="2023-12-28T12:33:10 IST" name="generateBuildNumber" finished-at="2023-12-28T12:33:10 IST" duration-ms="28" status="PASS">
          <reporter-output>
          </reporter-output>
        </test-method> <!-- generateBuildNumber -->
        <test-method is-config="true" signature="setUpBrowser(java.lang.String,java.lang.String,java.lang.String,java.lang.String,java.lang.String,java.lang.String,java.lang.String,java.lang.String,java.lang.String,java.lang.String,java.lang.String)[pri:0, instance:com.perfecto.testcases.TC001_Verify_Google_Search_Page@28975c28]" started-at="2023-12-28T12:33:10 IST" name="setUpBrowser" finished-at="2023-12-28T12:33:33 IST" duration-ms="23234" status="PASS">
          <params>
            <param index="0">
              <value>
                <![CDATA[chromeDesktop]]>
              </value>
            </param>
            <param index="1">
              <value>
                <![CDATA[false]]>
              </value>
            </param>
            <param index="2">
              <value>
                <![CDATA[localhost]]>
              </value>
            </param>
            <param index="3">
              <value>
                <![CDATA[4444]]>
              </value>
            </param>
            <param index="4">
              <value>
                <![CDATA[test]]>
              </value>
            </param>
            <param index="5">
              <value>
                <![CDATA[10.128.190.5]]>
              </value>
            </param>
            <param index="6">
              <value>
                <![CDATA[9200]]>
              </value>
            </param>
            <param index="7">
              <value>
                <![CDATA[ngpautomation]]>
              </value>
            </param>
            <param index="8">
              <value>
                <![CDATA[_doc]]>
              </value>
            </param>
            <param index="9">
              <value>
                <![CDATA[testing]]>
              </value>
            </param>
            <param index="10">
              <value>
                <![CDATA[AutomationExecution]]>
              </value>
            </param>
          </params>
          <reporter-output>
          </reporter-output>
        </test-method> <!-- setUpBrowser -->
        <test-method is-config="true" signature="beforeMethod(java.lang.reflect.Method)[pri:0, instance:com.perfecto.testcases.TC001_Verify_Google_Search_Page@28975c28]" started-at="2023-12-28T12:33:34 IST" name="beforeMethod" finished-at="2023-12-28T12:33:34 IST" duration-ms="108" status="PASS">
          <params>
            <param index="0">
              <value>
                <![CDATA[public void com.perfecto.testcases.TC001_Verify_Google_Search_Page.homePage(java.util.Hashtable) throws java.lang.Exception]]>
              </value>
            </param>
          </params>
          <reporter-output>
          </reporter-output>
        </test-method> <!-- beforeMethod -->
        <test-method signature="homePage(java.util.Hashtable)[pri:0, instance:com.perfecto.testcases.TC001_Verify_Google_Search_Page@28975c28]" started-at="2023-12-28T12:33:34 IST" name="homePage" data-provider="get_Data_TC001_Verify_Google_Search_Page" finished-at="2023-12-28T12:33:56 IST" duration-ms="22414" status="PASS">
          <params>
            <param index="0">
              <value>
                <![CDATA[{SearchPageTitle=Google}]]>
              </value>
            </param>
          </params>
          <reporter-output>
          </reporter-output>
        </test-method> <!-- homePage -->
        <test-method is-config="true" signature="afterMethod(java.lang.reflect.Method)[pri:0, instance:com.perfecto.testcases.TC001_Verify_Google_Search_Page@28975c28]" started-at="2023-12-28T12:33:56 IST" name="afterMethod" finished-at="2023-12-28T12:33:56 IST" duration-ms="1" status="PASS">
          <params>
            <param index="0">
              <value>
                <![CDATA[public void com.perfecto.testcases.TC001_Verify_Google_Search_Page.homePage(java.util.Hashtable) throws java.lang.Exception]]>
              </value>
            </param>
          </params>
          <reporter-output>
          </reporter-output>
        </test-method> <!-- afterMethod -->
        <test-method is-config="true" signature="tearDown(org.testng.ITestContext)[pri:0, instance:com.perfecto.testcases.TC001_Verify_Google_Search_Page@28975c28]" started-at="2023-12-28T12:33:56 IST" name="tearDown" finished-at="2023-12-28T12:33:56 IST" duration-ms="410" status="PASS">
          <params>
            <param index="0">
              <value>
                <![CDATA[org.testng.TestRunner@6ab4a5b]]>
              </value>
            </param>
          </params>
          <reporter-output>
          </reporter-output>
        </test-method> <!-- tearDown -->
        <test-method is-config="true" signature="afterSuite()[pri:0, instance:com.perfecto.testcases.TC001_Verify_Google_Search_Page@28975c28]" started-at="2023-12-28T12:33:56 IST" name="afterSuite" finished-at="2023-12-28T12:33:57 IST" duration-ms="186" status="PASS">
          <reporter-output>
          </reporter-output>
        </test-method> <!-- afterSuite -->
      </class> <!-- com.perfecto.testcases.TC001_Verify_Google_Search_Page -->
    </test> <!-- Guest User - Plans Availability -->
  </suite> <!-- Suite -->
</testng-results>
